[debug] [2024-11-27T08:19:23.917Z] ----------------------------------------------------------------------
[debug] [2024-11-27T08:19:23.920Z] Command:       /usr/local/bin/node /Users/nifrawahaj/.npm/_npx/7750544ccf494d8b/node_modules/.bin/firebase
[debug] [2024-11-27T08:19:23.921Z] CLI Version:   13.27.0
[debug] [2024-11-27T08:19:23.921Z] Platform:      darwin
[debug] [2024-11-27T08:19:23.921Z] Node Version:  v20.11.0
[debug] [2024-11-27T08:19:23.921Z] Time:          Wed Nov 27 2024 13:19:23 GMT+0500 (Pakistan Standard Time)
[debug] [2024-11-27T08:19:23.921Z] ----------------------------------------------------------------------
[debug] 
[debug] [2024-11-27T08:19:23.923Z] >>> [apiv2][query] GET https://firebase-public.firebaseio.com/cli.json [none]
[debug] [2024-11-27T08:19:23.965Z] TypeError: Cannot read properties of undefined (reading '0')
    at Command.<anonymous> (/Users/nifrawahaj/.npm/_npx/7750544ccf494d8b/node_modules/firebase-tools/lib/index.js:58:21)
    at Command.listener [as _actionHandler] (/Users/nifrawahaj/.npm/_npx/7750544ccf494d8b/node_modules/commander/index.js:413:31)
    at Command._parseCommand (/Users/nifrawahaj/.npm/_npx/7750544ccf494d8b/node_modules/commander/index.js:914:14)
    at Command.parse (/Users/nifrawahaj/.npm/_npx/7750544ccf494d8b/node_modules/commander/index.js:717:10)
    at Object.<anonymous> (/Users/nifrawahaj/.npm/_npx/7750544ccf494d8b/node_modules/firebase-tools/lib/bin/firebase.js:129:22)
    at Module._compile (node:internal/modules/cjs/loader:1376:14)
    at Module._extensions..js (node:internal/modules/cjs/loader:1435:10)
    at Module.load (node:internal/modules/cjs/loader:1207:32)
    at Module._load (node:internal/modules/cjs/loader:1023:12)
    at Function.executeUserEntryPoint [as runMain] (node:internal/modules/run_main:135:12)
[error] 
[error] Error: An unexpected error has occurred.
[debug] [2024-11-27T08:19:41.192Z] ----------------------------------------------------------------------
[debug] [2024-11-27T08:19:41.195Z] Command:       /usr/local/bin/node /Users/nifrawahaj/.npm/_npx/7750544ccf494d8b/node_modules/.bin/firebase
[debug] [2024-11-27T08:19:41.195Z] CLI Version:   13.27.0
[debug] [2024-11-27T08:19:41.195Z] Platform:      darwin
[debug] [2024-11-27T08:19:41.195Z] Node Version:  v20.11.0
[debug] [2024-11-27T08:19:41.196Z] Time:          Wed Nov 27 2024 13:19:41 GMT+0500 (Pakistan Standard Time)
[debug] [2024-11-27T08:19:41.196Z] ----------------------------------------------------------------------
[debug] 
[debug] [2024-11-27T08:19:41.198Z] >>> [apiv2][query] GET https://firebase-public.firebaseio.com/cli.json [none]
[debug] [2024-11-27T08:19:41.235Z] TypeError: Cannot read properties of undefined (reading '0')
    at Command.<anonymous> (/Users/nifrawahaj/.npm/_npx/7750544ccf494d8b/node_modules/firebase-tools/lib/index.js:58:21)
    at Command.listener [as _actionHandler] (/Users/nifrawahaj/.npm/_npx/7750544ccf494d8b/node_modules/commander/index.js:413:31)
    at Command._parseCommand (/Users/nifrawahaj/.npm/_npx/7750544ccf494d8b/node_modules/commander/index.js:914:14)
    at Command.parse (/Users/nifrawahaj/.npm/_npx/7750544ccf494d8b/node_modules/commander/index.js:717:10)
    at Object.<anonymous> (/Users/nifrawahaj/.npm/_npx/7750544ccf494d8b/node_modules/firebase-tools/lib/bin/firebase.js:129:22)
    at Module._compile (node:internal/modules/cjs/loader:1376:14)
    at Module._extensions..js (node:internal/modules/cjs/loader:1435:10)
    at Module.load (node:internal/modules/cjs/loader:1207:32)
    at Module._load (node:internal/modules/cjs/loader:1023:12)
    at Function.executeUserEntryPoint [as runMain] (node:internal/modules/run_main:135:12)
[error] 
[error] Error: An unexpected error has occurred.
